--before--
00000100
00010010
01100100
00100100
00000000
00110100
00111100
00101000
 --after-- 
00000000
00101110
01111110
01100000
00111000
00100100
01000100
00101100


--before--
00000100
00010010
01100100
00100100
00000000
00110100
00111100
00101000
 --after-- 
00000000
00101110
01111110
01100000
00111000
00100100
01000100
00101100


--before--
00000100
00010010
01100100
00100100
00000000
00110100
00111100
00101000
 --after-- 
00000000
00101110
01111110
01100000
00111000
00100100
01000100
00101100


--before--
00000100
00010010
01100100
00100100
00000000
00110100
00111100
00101000
 --after-- 
00000000
00101110
01111110
01100000
00111000
00100100
01000100
00101100


--before--
00000100
00010010
01100100
00100100
00000000
00110100
00111100
00101000
 --after-- 
00000000
00101110
01111110
01100000
00111000
00100100
01000100
00101100


--before--
00000100
00010010
01100100
00100100
00000000
00110100
00111100
00101000
 --after-- 
00000000
00101110
01111110
01100000
00111000
00100100
01000100
00101100


--before--
00000100
00010010
01100100
00100100
00000000
00110100
00111100
00101000
 --after-- 
00000000
00101110
01111110
01100000
00111000
00100100
01000100
00101100


--before--
00000100
00010010
01100100
00100100
00000000
00110100
00111100
00101000
 --after-- 
00000000
00101110
01111110
01100000
00111000
00100100
01000100
00101100


--before--
00000100
00010010
01100100
00100100
00000000
00110100
00111100
00101000
 --after-- 
00000000
00101110
01111110
01100000
00111000
00100100
01000100
00101100


--before--
00000100
00010010
01100100
00100100
00000000
00110100
00111100
00101000
 --after-- 
00000000
00101110
01111110
01100000
00111000
00100100
01000100
00101100


--before--
00000100
00010010
01100100
00100100
00000000
00110100
00111100
00101000
 --after-- 
00000000
00101110
01111110
01100000
00111000
00100100
01000100
00101100


--before--
00000100
00010010
01100100
00100100
00000000
00110100
00111100
00101000
 --after-- 
00000000
00101110
01111110
01100000
00111000
00100100
01000100
00101100


--before--
00000100
00010010
01100100
00100100
00000000
00110100
00111100
00101000
 --after-- 
00000000
00101110
01111110
01100000
00111000
00100100
01000100
00101100


--before--
00000100
00010010
01100100
00100100
00000000
00110100
00111100
00101000
 --after-- 
00000000
00101110
01111110
01100000
00111000
00100100
01000100
00101100


--before--
00000100
00010010
01100100
00100100
00000000
00110100
00111100
00101000
 --after-- 
00000000
00101110
01111110
01100000
00111000
00100100
01000100
00101100


--before--
00000100
00010010
01100100
00100100
00000000
00110100
00111100
00101000
 --after-- 
00000000
00101110
01111110
01100000
00111000
00100100
01000100
00101100


--before--
00000100
00010010
01100100
00100100
00000000
00110100
00111100
00101000
 --after-- 
00000000
00101110
01111110
01100000
00111000
00100100
01000100
00101100


--before--
00000100
00010010
01100100
00100100
00000000
00110100
00111100
00101000
 --after-- 
00000000
00101110
01111110
01100000
00111000
00100100
01000100
00101100


--before--
00000100
00010010
01100100
00100100
00000000
00110100
00111100
00101000
 --after-- 
00000000
00101110
01111110
01100000
00111000
00100100
01000100
00101100


--before--
00000100
00010010
01100100
00100100
00000000
00110100
00111100
00101000
 --after-- 
00000000
00101110
01111110
01100000
00111000
00100100
01000100
00101100


--before--
00000100
00010010
01100100
00100100
00000000
00110100
00111100
00101000
 --after-- 
00000000
00101110
01111110
01100000
00111000
00100100
01000100
00101100


--before--
00000100
00010010
01100100
00100100
00000000
00110100
00111100
00101000
 --after-- 
00000000
00101110
01111110
01100000
00111000
00100100
01000100
00101100


