--before--
00000100
00010010
01100100
00100100
00000000
00110100
00111100
00101000
 --after-- 
xxxxxxxx
xxxxxxxx
xxxxxxxx
xxxxxxxx
xxxxxxxx
xxxxxxxx
xxxxxxxx
xxxxxxxx


--before--
00000100
00010010
01100100
00100100
00000000
00110100
00111100
00101000
 --after-- 
00000000
00101110
01111110
01100000
00111000
00100100
01000100
00101100


--before--
00000100
00010010
01100100
00100100
00000000
00110100
00111100
00101000
 --after-- 
00000000
00101110
01111110
01100000
00111000
00100100
01000100
00101100


--before--
00000100
00010010
01100100
00100100
00000000
00110100
00111100
00101000
 --after-- 
00000100
01100010
00000010
00000000
00001000
01100100
01110110
00001100


--before--
00000100
00010010
01100100
00100100
00000000
00110100
00111100
00101000
 --after-- 
00000000
00000110
00000000
00000000
00000000
01000110
01010010
00111110


--before--
00000100
00010010
01100100
00100100
00000000
00110100
00111100
00101000
 --after-- 
00000000
00000000
00000000
00000000
00000000
00100110
01010001
00111110


--before--
00000100
00010010
01100100
00100100
00000000
00110100
00111100
00101000
 --after-- 
00000000
00000000
00000000
00000000
00000000
00100010
01000001
00111110


--before--
00000100
00010010
01100100
00100100
00000000
00110100
00111100
00101000
 --after-- 
00000000
00000000
00000000
00000000
00000000
00000000
01001001
00111110


--before--
00000100
00010010
01100100
00100100
00000000
00110100
00111100
00101000
 --after-- 
00000000
00000000
00000000
00000000
00000000
00000000
00101010
00111110


--before--
00000100
00010010
01100100
00100100
00000000
00110100
00111100
00101000
 --after-- 
00000000
00000000
00000000
00000000
00000000
00000000
00101010
00101010


--before--
00000100
00010010
01100100
00100100
00000000
00110100
00111100
00101000
 --after-- 
00000000
00000000
00000000
00000000
00000000
00000000
00000000
00000000


